#
# There is insufficient memory for the Java Runtime Environment to continue.
# Native memory allocation (mmap) failed to map 58720256 bytes for G1 virtual space
# Possible reasons:
#   The system is out of physical RAM or swap space
#   The process is running with CompressedOops enabled, and the Java Heap may be blocking the growth of the native heap
# Possible solutions:
#   Reduce memory load on the system
#   Increase physical memory or swap space
#   Check if swap backing store is full
#   Decrease Java heap size (-Xmx/-Xms)
#   Decrease number of Java threads
#   Decrease Java thread stack sizes (-Xss)
#   Set larger code cache with -XX:ReservedCodeCacheSize=
#   JVM is running with Unscaled Compressed Oops mode in which the Java heap is
#     placed in the first 4GB address space. The Java Heap base address is the
#     maximum limit for the native heap growth. Please use -XX:HeapBaseMinAddress
#     to set the Java Heap base and to place the Java Heap above 4GB virtual address.
# This output file may be truncated or incomplete.
#
#  Out of Memory Error (os_windows.cpp:3541), pid=10464, tid=7764
#
# JRE version:  (17.0.5+9) (build )
# Java VM: Java HotSpot(TM) 64-Bit Server VM (17.0.5+9-LTS-191, mixed mode, sharing, tiered, compressed oops, compressed class ptrs, g1 gc, windows-amd64)
# No core dump will be written. Minidumps are not enabled by default on client versions of Windows
#

---------------  S U M M A R Y ------------

Command Line: -Dfile.encoding=UTF-8 --module-path=C:\Users\User\Documents\NetBeansProjects\UTS_Muhamad Rian A\build\classes Jawaban_No4

Host: AMD 3020e with Radeon Graphics                 , 2 cores, 3G,  Windows 11 , 64 bit Build 22000 (10.0.22000.708)
Time: Tue Nov  1 12:57:43 2022 SE Asia Standard Time elapsed time: 0.031030 seconds (0d 0h 0m 0s)

---------------  T H R E A D  ---------------

Current thread (0x0000017c9e00dba0):  JavaThread "Unknown thread" [_thread_in_vm, id=7764, stack(0x0000002cd3100000,0x0000002cd3200000)]

Stack: [0x0000002cd3100000,0x0000002cd3200000]
Native frames: (J=compiled Java code, j=interpreted, Vv=VM code, C=native code)
V  [jvm.dll+0x672eea]
V  [jvm.dll+0x7d2a04]
V  [jvm.dll+0x7d41ae]
V  [jvm.dll+0x7d4813]
V  [jvm.dll+0x242c15]
V  [jvm.dll+0x66fe09]
V  [jvm.dll+0x664682]
V  [jvm.dll+0x300e8b]
V  [jvm.dll+0x308426]
V  [jvm.dll+0x357ffe]
V  [jvm.dll+0x35822f]
V  [jvm.dll+0x2d80a8]
V  [jvm.dll+0x2d9014]
V  [jvm.dll+0x7a44e1]
V  [jvm.dll+0x365df1]
V  [jvm.dll+0x7838fc]
V  [jvm.dll+0x3e873f]
V  [jvm.dll+0x3ea1e1]
C  [jli.dll+0x527b]
C  [ucrtbase.dll+0x26c0c]
C  [KERNEL32.DLL+0x154e0]
C  [ntdll.dll+0x485b]


---------------  P R O C E S S  ---------------

Threads class SMR info:
_java_thread_list=0x00007fff3cd5a8d8, length=0, elements={
}

Java Threads: ( => current thread )

Other Threads:
  0x0000017c9e043bf0 GCTaskThread "GC Thread#0" [stack: 0x0000002cd3200000,0x0000002cd3300000] [id=6232]
  0x0000017c9e04c2e0 ConcurrentGCThread "G1 Main Marker" [stack: 0x0000002cd3300000,0x0000002cd3400000] [id=6000]
  0x0000017c9e04ccf0 ConcurrentGCThread "G1 Conc#0" [stack: 0x0000002cd3400000,0x0000002cd3500000] [id=7776]

[error occurred during error reporting (printing all threads), id 0xc0000005, EXCEPTION_ACCESS_VIOLATION (0xc0000005) at pc=0x00007fff3c5a8a97]

VM state: not at safepoint (not fully initialized)

VM Mutex/Monitor currently owned by a thread:  ([mutex/lock_event])
[0x0000017c9e009250] Heap_lock - owner thread: 0x0000017c9e00dba0

Heap address: 0x00000000c8e00000, size: 882 MB, Compressed Oops mode: 32-bit

CDS archive(s) mapped at: [0x0000000000000000-0x0000000000000000-0x0000000000000000), size 0, SharedBaseAddress: 0x0000000800000000, ArchiveRelocationMode: 0.
Narrow klass base: 0x0000000000000000, Narrow klass shift: 0, Narrow klass range: 0x0

GC Precious Log:
<Empty>

Heap:
 garbage-first heap   total 0K, used 0K [0x00000000c8e00000, 0x0000000100000000)
  region size 1024K, 0 young (0K), 0 survivors (0K)

[error occurred during error reporting (printing heap information), id 0xc0000005, EXCEPTION_ACCESS_VIOLATION (0xc0000005) at pc=0x00007fff3c98c399]

GC Heap History (0 events):
No events

Deoptimization events (0 events):
No events

Classes unloaded (0 events):
No events

Classes redefined (0 events):
No events

Internal exceptions (0 events):
No events

VM Operations (0 events):
No events

Events (1 events):
Event: 0.010 Loaded shared library C:\Program Files\Java\jdk-17.0.5\bin\java.dll


Dynamic libraries:
0x00007ff7f7110000 - 0x00007ff7f7120000 	C:\Program Files\Java\jdk-17.0.5\bin\java.exe
0x00007fff6bbe0000 - 0x00007fff6bde9000 	C:\Windows\SYSTEM32\ntdll.dll
0x00007fff6a900000 - 0x00007fff6a9bd000 	C:\Windows\System32\KERNEL32.DLL
0x00007fff69410000 - 0x00007fff6978b000 	C:\Windows\System32\KERNELBASE.dll
0x00007fff691d0000 - 0x00007fff692e1000 	C:\Windows\System32\ucrtbase.dll
0x00007fff61380000 - 0x00007fff6139a000 	C:\Program Files\Java\jdk-17.0.5\bin\VCRUNTIME140.dll
0x00007fff61530000 - 0x00007fff61548000 	C:\Program Files\Java\jdk-17.0.5\bin\jli.dll
0x00007fff6a410000 - 0x00007fff6a4be000 	C:\Windows\System32\ADVAPI32.dll
0x00007fff6ab60000 - 0x00007fff6ac03000 	C:\Windows\System32\msvcrt.dll
0x00007fff6b340000 - 0x00007fff6b3de000 	C:\Windows\System32\sechost.dll
0x00007fff6a4c0000 - 0x00007fff6a5e0000 	C:\Windows\System32\RPCRT4.dll
0x00007fff6b080000 - 0x00007fff6b22d000 	C:\Windows\System32\USER32.dll
0x00007fff69a30000 - 0x00007fff69a56000 	C:\Windows\System32\win32u.dll
0x00007fff6b2a0000 - 0x00007fff6b2c9000 	C:\Windows\System32\GDI32.dll
0x00007fff690b0000 - 0x00007fff691c8000 	C:\Windows\System32\gdi32full.dll
0x00007fff59f90000 - 0x00007fff5a235000 	C:\Windows\WinSxS\amd64_microsoft.windows.common-controls_6595b64144ccf1df_6.0.22000.120_none_9d947278b86cc467\COMCTL32.dll
0x00007fff69370000 - 0x00007fff6940d000 	C:\Windows\System32\msvcp_win.dll
0x00007fff60be0000 - 0x00007fff60bea000 	C:\Windows\SYSTEM32\VERSION.dll
0x00007fff6a290000 - 0x00007fff6a2c1000 	C:\Windows\System32\IMM32.DLL
0x00007fff5e240000 - 0x00007fff5e24c000 	C:\Program Files\Java\jdk-17.0.5\bin\vcruntime140_1.dll
0x00007fff599b0000 - 0x00007fff59a3d000 	C:\Program Files\Java\jdk-17.0.5\bin\msvcp140.dll
0x00007fff3c2c0000 - 0x00007fff3ce82000 	C:\Program Files\Java\jdk-17.0.5\bin\server\jvm.dll
0x00007fff69ac0000 - 0x00007fff69ac8000 	C:\Windows\System32\PSAPI.DLL
0x00007fff61590000 - 0x00007fff61599000 	C:\Windows\SYSTEM32\WSOCK32.dll
0x00007fff61230000 - 0x00007fff61263000 	C:\Windows\SYSTEM32\WINMM.dll
0x00007fff6b2d0000 - 0x00007fff6b33f000 	C:\Windows\System32\WS2_32.dll
0x00007fff68110000 - 0x00007fff68128000 	C:\Windows\SYSTEM32\kernel.appcore.dll
0x00007fff5e230000 - 0x00007fff5e23a000 	C:\Program Files\Java\jdk-17.0.5\bin\jimage.dll
0x00007fff5d580000 - 0x00007fff5d7a1000 	C:\Windows\SYSTEM32\DBGHELP.DLL
0x00007fff53bb0000 - 0x00007fff53be1000 	C:\Windows\SYSTEM32\dbgcore.DLL
0x00007fff692f0000 - 0x00007fff6936f000 	C:\Windows\System32\bcryptPrimitives.dll
0x00007fff5c010000 - 0x00007fff5c035000 	C:\Program Files\Java\jdk-17.0.5\bin\java.dll

dbghelp: loaded successfully - version: 4.0.5 - missing functions: none
symbol engine: initialized successfully - sym options: 0x614 - pdb path: .;C:\Program Files\Java\jdk-17.0.5\bin;C:\Windows\SYSTEM32;C:\Windows\WinSxS\amd64_microsoft.windows.common-controls_6595b64144ccf1df_6.0.22000.120_none_9d947278b86cc467;C:\Program Files\Java\jdk-17.0.5\bin\server

VM Arguments:
jvm_args: -Dfile.encoding=UTF-8 --module-path=C:\Users\User\Documents\NetBeansProjects\UTS_Muhamad Rian A\build\classes 
java_command: Jawaban_No4
java_class_path (initial): C:\Users\User\Documents\NetBeansProjects\UTS_Muhamad Rian A\build\classes
Launcher Type: SUN_STANDARD

[Global flags]
     intx CICompilerCount                          = 2                                         {product} {ergonomic}
     uint ConcGCThreads                            = 1                                         {product} {ergonomic}
     uint G1ConcRefinementThreads                  = 2                                         {product} {ergonomic}
   size_t G1HeapRegionSize                         = 1048576                                   {product} {ergonomic}
    uintx GCDrainStackTargetSize                   = 64                                        {product} {ergonomic}
   size_t InitialHeapSize                          = 58720256                                  {product} {ergonomic}
   size_t MarkStackSize                            = 4194304                                   {product} {ergonomic}
   size_t MaxHeapSize                              = 924844032                                 {product} {ergonomic}
   size_t MinHeapDeltaBytes                        = 1048576                                   {product} {ergonomic}
   size_t MinHeapSize                              = 8388608                                   {product} {ergonomic}
    uintx NonNMethodCodeHeapSize                   = 5826188                                {pd product} {ergonomic}
    uintx NonProfiledCodeHeapSize                  = 122916026                              {pd product} {ergonomic}
    uintx ProfiledCodeHeapSize                     = 122916026                              {pd product} {ergonomic}
    uintx ReservedCodeCacheSize                    = 251658240                              {pd product} {ergonomic}
     bool SegmentedCodeCache                       = true                                      {product} {ergonomic}
   size_t SoftMaxHeapSize                          = 924844032                              {manageable} {ergonomic}
     bool UseCompressedClassPointers               = true                           {product lp64_product} {ergonomic}
     bool UseCompressedOops                        = true                           {product lp64_product} {ergonomic}
     bool UseG1GC                                  = true                                      {product} {ergonomic}
     bool UseLargePagesIndividualAllocation        = false                                  {pd product} {ergonomic}

Logging:
Log output configuration:
 #0: stdout all=warning uptime,level,tags
 #1: stderr all=off uptime,level,tags

Environment Variables:
JAVA_HOME=C:\Program Files\Java\jdk-19
PATH=C:\Program Files\Common Files\Oracle\Java\javapath;C:\Program Files (x86)\Common Files\Oracle\Java\javapath;C:\Windows\system32;C:\Windows;C:\Windows\System32\Wbem;C:\Windows\System32\WindowsPowerShell\v1.0\;C:\Windows\System32\OpenSSH\;C:\Program Files\Java\jdk-19;C:\Users\User\AppData\Local\Microsoft\WindowsApps
USERNAME=User
OS=Windows_NT
PROCESSOR_IDENTIFIER=AMD64 Family 23 Model 32 Stepping 1, AuthenticAMD



---------------  S Y S T E M  ---------------

OS:
 Windows 11 , 64 bit Build 22000 (10.0.22000.708)
OS uptime: 6 days 18:08 hours
Hyper-V role detected

CPU: total 2 (initial active 2) (2 cores per cpu, 1 threads per core) family 23 model 32 stepping 1 microcode 0x0, cx8, cmov, fxsr, mmx, 3dnowpref, sse, sse2, sse3, ssse3, sse4a, sse4.1, sse4.2, popcnt, lzcnt, tsc, tscinvbit, avx, avx2, aes, clmul, bmi1, bmi2, adx, sha, fma, vzeroupper, clflush, clflushopt, hv

Memory: 4k page, system-wide physical 3521M (372M free)
TotalPageFile size 4865M (AvailPageFile size 50M)
current process WorkingSet (physical memory assigned to process): 10M, peak: 10M
current process commit charge ("private bytes"): 47M, peak: 103M

vm_info: Java HotSpot(TM) 64-Bit Server VM (17.0.5+9-LTS-191) for windows-amd64 JRE (17.0.5+9-LTS-191), built on Sep 13 2022 17:31:43 by "mach5one" with MS VC++ 16.8 / 16.9 (VS2019)

END.
